<?xml version="1.0" encoding="UTF-8"?>
<!-- Generated by org.testng.reporters.JUnitReportReporter -->
<testsuite hostname="WKWIN5351341" failures="0" tests="1" name="framework.tests.SelectDropdown" time="0.140" errors="0" timestamp="2022-09-05T16:44:44 IST" skipped="0">
  <testcase classname="framework.tests.SelectDropdown" name="testMethod" time="0.140"/>
  <system-out/>
</testsuite> <!-- framework.tests.SelectDropdown -->
