<?xml version="1.0" encoding="UTF-8"?>
<!-- Generated by org.testng.reporters.JUnitReportReporter -->
<testsuite hostname="WKWIN5351341" failures="0" tests="1" name="handsonexercices.WriteInExcelSheet" time="0.215" errors="0" timestamp="2022-09-26T16:13:09 IST" skipped="0">
  <testcase classname="handsonexercices.WriteInExcelSheet" name="writeExcel" time="0.215"/>
  <system-out/>
</testsuite> <!-- handsonexercices.WriteInExcelSheet -->
