<?xml version="1.0" encoding="UTF-8"?>
<!-- Generated by org.testng.reporters.JUnitReportReporter -->
<testsuite hostname="WKWIN5351341" failures="0" tests="1" name="handsonexercices.YouDeletTheExcisise" time="8.546" errors="0" timestamp="2022-09-07T11:00:05 IST" skipped="0">
  <testcase classname="handsonexercices.YouDeletTheExcisise" name="testMethod" time="8.546"/>
  <system-out/>
</testsuite> <!-- handsonexercices.YouDeletTheExcisise -->
