<?xml version="1.0" encoding="UTF-8"?>
<!-- Generated by org.testng.reporters.JUnitReportReporter -->
<testsuite hostname="DESKTOP-SCQQDM0" failures="0" tests="1" name="excelexercise.ReadExcelSheet" time="0.399" errors="0" timestamp="2022-11-10T20:58:18 IST" skipped="0">
  <testcase classname="excelexercise.ReadExcelSheet" name="dataReadTest" time="0.399"/>
  <system-out/>
</testsuite> <!-- excelexercise.ReadExcelSheet -->
