<?xml version="1.0" encoding="UTF-8"?>
<!-- Generated by org.testng.reporters.JUnitReportReporter -->
<testsuite hostname="WKWIN5351341" failures="0" tests="7" name="testng.dataprovider.DataPrividerExample" time="0.026" errors="0" timestamp="2022-10-25T17:09:20 IST" skipped="0">
  <testcase classname="testng.dataprovider.DataPrividerExample" name="secondDataProviderTest" time="0.002"/>
  <system-out/>
  <testcase classname="testng.dataprovider.DataPrividerExample" name="firstDataProviderTest" time="0.002"/>
  <system-out/>
  <testcase classname="testng.dataprovider.DataPrividerExample" name="firstDataProviderTest" time="0.003"/>
  <system-out/>
  <testcase classname="testng.dataprovider.DataPrividerExample" name="secondDataProviderTest" time="0.004"/>
  <system-out/>
  <testcase classname="testng.dataprovider.DataPrividerExample" name="firstDataProviderTest" time="0.004"/>
  <system-out/>
  <testcase classname="testng.dataprovider.DataPrividerExample" name="firstDataProviderTest" time="0.006"/>
  <system-out/>
  <testcase classname="testng.dataprovider.DataPrividerExample" name="secondDataProviderTest" time="0.005"/>
  <system-out/>
</testsuite> <!-- testng.dataprovider.DataPrividerExample -->
