<?xml version="1.0" encoding="UTF-8"?>
<!-- Generated by org.testng.reporters.JUnitReportReporter -->
<testsuite hostname="WKWIN5351341" failures="0" tests="1" name="handsonexercices.DataPicker" time="0.253" errors="0" timestamp="2022-09-14T12:22:37 IST" skipped="0">
  <testcase classname="handsonexercices.DataPicker" name="testMethod" time="0.253"/>
  <system-out>
    <![CDATA[Click on calander icon
Get the list of day of the week
Asssert ther are 7 days in a week
Assert the first day of the week should be Monday
Creat list of days from UI
Created lidt of days from UI]]>
  </system-out>
</testsuite> <!-- handsonexercices.DataPicker -->
