<?xml version="1.0" encoding="UTF-8"?>
<!-- Generated by org.testng.reporters.JUnitReportReporter -->
<testsuite hostname="WKWIN5351341" failures="0" tests="1" name="praticexcrise.ScroleDown" time="17.559" errors="0" timestamp="2022-09-27T10:31:42 IST" skipped="0">
  <testcase classname="praticexcrise.ScroleDown" name="scrolDownByVisibility" time="17.559"/>
  <system-out/>
</testsuite> <!-- praticexcrise.ScroleDown -->
