<?xml version="1.0" encoding="UTF-8"?>
<!-- Generated by org.testng.reporters.JUnitReportReporter -->
<testsuite hostname="WKWIN5351341" failures="0" tests="1" name="handsonexercices.InputBox" time="0.296" errors="0" timestamp="2022-10-07T11:51:58 IST" skipped="0">
  <testcase classname="handsonexercices.InputBox" name="testMethod" time="0.296"/>
  <system-out/>
</testsuite> <!-- handsonexercices.InputBox -->
