<?xml version="1.0" encoding="UTF-8"?>
<!-- Generated by org.testng.reporters.JUnitReportReporter -->
<testsuite hostname="WKWIN5351341" failures="0" tests="2" name="handsonexercices.ReadingExcel" time="0.249" errors="0" timestamp="2022-09-12T11:27:29 IST" skipped="0">
  <testcase classname="handsonexercices.ReadingExcel" name="readExcelOtherWay" time="0.015"/>
  <system-out/>
  <testcase classname="handsonexercices.ReadingExcel" name="readExcel" time="0.234"/>
  <system-out/>
</testsuite> <!-- handsonexercices.ReadingExcel -->
