<?xml version="1.0" encoding="UTF-8"?>
<!-- Generated by org.testng.reporters.JUnitReportReporter -->
<testsuite hostname="WKWIN5351341" failures="0" tests="1" name="exercicesrestassure.StaticImplemation" time="3.991" errors="0" timestamp="2022-10-14T15:36:45 IST" skipped="0">
  <testcase classname="exercicesrestassure.StaticImplemation" name="givenThen" time="3.991"/>
  <system-out/>
</testsuite> <!-- exercicesrestassure.StaticImplemation -->
