<?xml version="1.0" encoding="UTF-8"?>
<!-- Generated by org.testng.reporters.JUnitReportReporter -->
<testsuite hostname="WKWIN5351341" failures="0" tests="2" name="testng.TestClassOne" time="0.008" errors="0" timestamp="2022-10-06T13:05:28 IST" skipped="0">
  <testcase classname="testng.TestClassOne" name="TestTwo" time="0.006"/>
  <system-out/>
  <testcase classname="testng.TestClassOne" name="TestOne" time="0.002"/>
  <system-out/>
</testsuite> <!-- testng.TestClassOne -->
