<?xml version="1.0" encoding="UTF-8"?>
<!-- Generated by org.testng.reporters.JUnitReportReporter -->
<testsuite hostname="WKWIN5351341" failures="0" tests="1" name="handsonexercices.FillAndSumitForm" time="2.789" errors="0" timestamp="2022-09-15T17:16:49 IST" skipped="0">
  <testcase classname="handsonexercices.FillAndSumitForm" name="testMethod" time="2.789"/>
  <system-out/>
</testsuite> <!-- handsonexercices.FillAndSumitForm -->
