<?xml version="1.0" encoding="UTF-8"?>
<!-- Generated by org.testng.reporters.JUnitReportReporter -->
<testsuite hostname="DESKTOP-SCQQDM0" failures="0" tests="1" name="excelexercise.WriteInExcelSheet" time="0.299" errors="0" timestamp="2022-11-10T21:00:00 IST" skipped="0">
  <testcase classname="excelexercise.WriteInExcelSheet" name="tesstwrit" time="0.299"/>
  <system-out/>
</testsuite> <!-- excelexercise.WriteInExcelSheet -->
