<?xml version="1.0" encoding="UTF-8"?>
<!-- Generated by org.testng.reporters.JUnitReportReporter -->
<testsuite hostname="WKWIN5351341" failures="0" tests="4" name="testng.TestClassFour_group" time="0.010" errors="0" timestamp="2022-10-06T13:05:28 IST" skipped="0">
  <testcase classname="testng.TestClassFour_group" name="TestOne" time="0.002"/>
  <system-out/>
  <testcase classname="testng.TestClassFour_group" name="TestTwo" time="0.004"/>
  <system-out/>
  <testcase classname="testng.TestClassFour_group" name="Testthree" time="0.002"/>
  <system-out/>
  <testcase classname="testng.TestClassFour_group" name="TestFour" time="0.002"/>
  <system-out/>
</testsuite> <!-- testng.TestClassFour_group -->
