<?xml version="1.0" encoding="UTF-8"?>
<!-- Generated by org.testng.reporters.JUnitReportReporter -->
<testsuite hostname="WKWIN5351341" failures="0" tests="1" name="handsonexercices.AmazonAddFiveProduct" time="73.144" errors="0" timestamp="2022-08-05T17:27:13 IST" skipped="0">
  <testcase classname="handsonexercices.AmazonAddFiveProduct" name="testMethod" time="73.144"/>
  <system-out/>
</testsuite> <!-- handsonexercices.AmazonAddFiveProduct -->
