<?xml version="1.0" encoding="UTF-8"?>
<!-- Generated by org.testng.reporters.JUnitReportReporter -->
<testsuite hostname="WKWIN5351341" failures="0" tests="1" name="framework.tests.NavigateToGoogle" time="11.836" errors="0" timestamp="2022-04-06T10:47:07 IST" skipped="0">
  <testcase classname="framework.tests.NavigateToGoogle" name="navigateToGoogle" time="11.836"/>
  <system-out/>
</testsuite> <!-- framework.tests.NavigateToGoogle -->
