<?xml version="1.0" encoding="UTF-8"?>
<!-- Generated by org.testng.reporters.JUnitReportReporter -->
<testsuite hostname="WKWIN5351341" failures="0" tests="3" name="testng.TestDependency" time="0.003" errors="0" timestamp="2022-10-06T13:05:28 IST" skipped="0">
  <testcase classname="testng.TestDependency" name="createEntity" time="0.001"/>
  <system-out/>
  <testcase classname="testng.TestDependency" name="UpdateEntity" time="0.001"/>
  <system-out/>
  <testcase classname="testng.TestDependency" name="deleteTest" time="0.001"/>
  <system-out/>
</testsuite> <!-- testng.TestDependency -->
