<?xml version="1.0" encoding="UTF-8"?>
<!-- Generated by org.testng.reporters.JUnitReportReporter -->
<testsuite hostname="WKWIN5351341" failures="0" tests="1" name="handsonexercices.ProgressBar" time="8.360" errors="0" timestamp="2022-08-25T14:59:36 IST" skipped="0">
  <testcase classname="handsonexercices.ProgressBar" name="testMethod" time="8.360"/>
  <system-out/>
</testsuite> <!-- handsonexercices.ProgressBar -->
