<?xml version="1.0" encoding="UTF-8"?>
<!-- Generated by org.testng.reporters.JUnitReportReporter -->
<testsuite hostname="WKWIN5351341" failures="0" tests="1" name="framework.tests.SearchProductTests" time="4.387" errors="0" timestamp="2022-10-07T10:30:48 IST" skipped="0">
  <testcase classname="framework.tests.SearchProductTests" name="searchProductTest" time="4.387"/>
  <system-out/>
</testsuite> <!-- framework.tests.SearchProductTests -->
