<?xml version="1.0" encoding="UTF-8"?>
<!-- Generated by org.testng.reporters.JUnitReportReporter -->
<testsuite hostname="WKWIN5351341" failures="0" tests="3" name="testng.dataprovider.VerifyLogin" time="1.883" errors="0" timestamp="2022-09-29T17:47:08 IST" skipped="0">
  <testcase classname="testng.dataprovider.VerifyLogin" name="testLogin" time="0.339"/>
  <system-out/>
  <testcase classname="testng.dataprovider.VerifyLogin" name="testLogin" time="0.220"/>
  <system-out/>
  <testcase classname="testng.dataprovider.VerifyLogin" name="testLogin" time="1.324"/>
  <system-out/>
</testsuite> <!-- testng.dataprovider.VerifyLogin -->
