<?xml version="1.0" encoding="UTF-8"?>
<!-- Generated by org.testng.reporters.JUnitReportReporter -->
<testsuite hostname="WKWIN5351341" failures="0" tests="2" name="ExcelExercise.SignUpExcel" time="16.641" errors="0" timestamp="2022-10-04T15:32:14 IST" skipped="0">
  <testcase classname="ExcelExercise.SignUpExcel" name="signUpWithExcel" time="10.779"/>
  <system-out/>
  <testcase classname="ExcelExercise.SignUpExcel" name="signUpWithExcel" time="5.862"/>
  <system-out/>
</testsuite> <!-- ExcelExercise.SignUpExcel -->
