<?xml version="1.0" encoding="UTF-8"?>
<!-- Generated by org.testng.reporters.JUnitReportReporter -->
<testsuite hostname="WKWIN5351341" failures="0" tests="2" name="handsonexercices.YouDeletThisExcersise" time="0.796" errors="0" timestamp="2022-09-28T12:32:44 IST" skipped="0">
  <testcase classname="handsonexercices.YouDeletThisExcersise" name="test2" time="0.668"/>
  <system-out/>
  <testcase classname="handsonexercices.YouDeletThisExcersise" name="test" time="0.128"/>
  <system-out/>
</testsuite> <!-- handsonexercices.YouDeletThisExcersise -->
