<?xml version="1.0" encoding="UTF-8"?>
<!-- Generated by org.testng.reporters.JUnitReportReporter -->
<testsuite hostname="WKWIN5351341" failures="0" tests="1" name="handsonexercices.SelfParent" time="0.678" errors="0" timestamp="2022-09-09T14:17:51 IST" skipped="0">
  <testcase classname="handsonexercices.SelfParent" name="testMethod" time="0.678"/>
  <system-out/>
</testsuite> <!-- handsonexercices.SelfParent -->
