<?xml version="1.0" encoding="UTF-8"?>
<!-- Generated by org.testng.reporters.JUnitReportReporter -->
<testsuite hostname="WKWIN5351341" failures="0" tests="1" name="framework.tests.HomePageTest" time="2.895" errors="0" timestamp="2022-09-06T11:18:22 IST" skipped="0">
  <testcase classname="framework.tests.HomePageTest" name="searchProductTest" time="2.895"/>
  <system-out/>
</testsuite> <!-- framework.tests.HomePageTest -->
