<?xml version="1.0" encoding="UTF-8"?>
<!-- Generated by org.testng.reporters.JUnitReportReporter -->
<testsuite hostname="DESKTOP-SCQQDM0" failures="0" tests="1" name="handsonexercices.AlertBox" time="0.303" errors="0" timestamp="2022-11-05T20:21:59 IST" skipped="0">
  <testcase classname="handsonexercices.AlertBox" name="testMethod" time="0.303"/>
  <system-out/>
</testsuite> <!-- handsonexercices.AlertBox -->
