<?xml version="1.0" encoding="UTF-8"?>
<!-- Generated by org.testng.reporters.JUnitReportReporter -->
<testsuite hostname="DESKTOP-SCQQDM0" failures="0" tests="2" name="excelexercise.LoginThrowExcelData" time="6.601" errors="0" timestamp="2022-11-12T15:20:10 IST" skipped="0">
  <testcase classname="excelexercise.LoginThrowExcelData" name="test" time="2.907"/>
  <system-out/>
  <testcase classname="excelexercise.LoginThrowExcelData" name="test" time="3.694"/>
  <system-out/>
</testsuite> <!-- excelexercise.LoginThrowExcelData -->
