<?xml version="1.0" encoding="UTF-8"?>
<!-- Generated by org.testng.reporters.JUnitReportReporter -->
<testsuite hostname="DESKTOP-SCQQDM0" failures="0" tests="1" name="excelexercise.WriteWebDataIntoExcelSheet" time="2.768" errors="0" timestamp="2022-11-05T20:17:44 IST" skipped="0">
  <testcase classname="excelexercise.WriteWebDataIntoExcelSheet" name="writeInXl" time="2.768"/>
  <system-out/>
</testsuite> <!-- excelexercise.WriteWebDataIntoExcelSheet -->
