<?xml version="1.0" encoding="UTF-8"?>
<!-- Generated by org.testng.reporters.JUnitReportReporter -->
<testsuite hostname="WKWIN5351341" failures="0" tests="1" name="framework.tests.Assignment1Demo" time="4.041" errors="0" timestamp="2022-04-06T19:03:21 IST" skipped="0">
  <testcase classname="framework.tests.Assignment1Demo" name="testmethod" time="4.041"/>
  <system-out/>
</testsuite> <!-- framework.tests.Assignment1Demo -->
