<?xml version="1.0" encoding="UTF-8"?>
<!-- Generated by org.testng.reporters.JUnitReportReporter -->
<testsuite hostname="DESKTOP-SCQQDM0" failures="0" tests="2" name="excelexercise.SignUpWithExcelData" time="22.131" errors="0" timestamp="2022-11-10T20:59:46 IST" skipped="0">
  <testcase classname="excelexercise.SignUpWithExcelData" name="signUpWithExcel" time="11.053"/>
  <system-out/>
  <testcase classname="excelexercise.SignUpWithExcelData" name="signUpWithExcel" time="11.078"/>
  <system-out/>
</testsuite> <!-- excelexercise.SignUpWithExcelData -->
