<?xml version="1.0" encoding="UTF-8"?>
<!-- Generated by org.testng.reporters.JUnitReportReporter -->
<testsuite hostname="WKWIN5351341" failures="0" tests="4" name="testng.TestClassFour_amazon" time="0.023" errors="0" timestamp="2022-06-30T10:07:00 IST" skipped="0">
  <testcase classname="testng.TestClassFour_amazon" name="TestOne" time="0.011"/>
  <system-out/>
  <testcase classname="testng.TestClassFour_amazon" name="TestTwo" time="0.003"/>
  <system-out/>
  <testcase classname="testng.TestClassFour_amazon" name="Testthree" time="0.004"/>
  <system-out/>
  <testcase classname="testng.TestClassFour_amazon" name="TestFour" time="0.005"/>
  <system-out/>
</testsuite> <!-- testng.TestClassFour_amazon -->
