<?xml version="1.0" encoding="UTF-8"?>
<!-- Generated by org.testng.reporters.JUnitReportReporter -->
<testsuite hostname="WKWIN5351341" failures="0" tests="2" name="testng.TestClassTwo" time="0.005" errors="0" timestamp="2022-10-06T13:05:28 IST" skipped="0">
  <testcase classname="testng.TestClassTwo" name="TestTwo" time="0.003"/>
  <system-out/>
  <testcase classname="testng.TestClassTwo" name="TestOne" time="0.002"/>
  <system-out/>
</testsuite> <!-- testng.TestClassTwo -->
