<?xml version="1.0" encoding="UTF-8"?>
<!-- Generated by org.testng.reporters.JUnitReportReporter -->
<testsuite hostname="WKWIN5351341" failures="0" tests="1" name="handsonexercices.SwitchWindow" time="0.407" errors="0" timestamp="2022-10-07T12:23:02 IST" skipped="0">
  <testcase classname="handsonexercices.SwitchWindow" name="testMethod" time="0.407"/>
  <system-out/>
</testsuite> <!-- handsonexercices.SwitchWindow -->
