<?xml version="1.0" encoding="UTF-8"?>
<!-- Generated by org.testng.reporters.JUnitReportReporter -->
<testsuite hostname="WKWIN5351341" failures="0" tests="1" name="handsonexercices.ReadExcelSheet" time="0.266" errors="0" timestamp="2022-09-09T12:21:28 IST" skipped="0">
  <testcase classname="handsonexercices.ReadExcelSheet" name="dataReadTest" time="0.266"/>
  <system-out/>
</testsuite> <!-- handsonexercices.ReadExcelSheet -->
