<?xml version="1.0" encoding="UTF-8"?>
<!-- Generated by org.testng.reporters.JUnitReportReporter -->
<testsuite hostname="WKWIN5351341" failures="0" tests="1" name="restassured.RestMethodGET" time="2.505" errors="0" timestamp="2022-10-12T12:12:11 IST" skipped="0">
  <testcase classname="restassured.RestMethodGET" name="testGetRequest" time="2.505"/>
  <system-out/>
</testsuite> <!-- restassured.RestMethodGET -->
