<?xml version="1.0" encoding="UTF-8"?>
<!-- Generated by org.testng.reporters.JUnitReportReporter -->
<testsuite hostname="WKWIN5351341" failures="0" tests="1" name="handsonexercices.FameExamole" time="0.189" errors="0" timestamp="2022-08-25T12:45:23 IST" skipped="0">
  <testcase classname="handsonexercices.FameExamole" name="testMethod" time="0.189"/>
  <system-out/>
</testsuite> <!-- handsonexercices.FameExamole -->
