<?xml version="1.0" encoding="UTF-8"?>
<!-- Generated by org.testng.reporters.JUnitReportReporter -->
<testsuite hostname="WKWIN5351341" failures="0" tests="1" name="handsonexercices.SignUp" time="21.317" errors="0" timestamp="2022-10-04T09:47:54 IST" skipped="0">
  <testcase classname="handsonexercices.SignUp" name="testMethod" time="21.317"/>
  <system-out/>
</testsuite> <!-- handsonexercices.SignUp -->
