<?xml version="1.0" encoding="UTF-8"?>
<!-- Generated by org.testng.reporters.JUnitReportReporter -->
<testsuite hostname="DESKTOP-SCQQDM0" failures="0" tests="1" name="excelexercise.ReadingExcel" time="0.388" errors="0" timestamp="2022-11-10T20:58:52 IST" skipped="0">
  <testcase classname="excelexercise.ReadingExcel" name="readExcel" time="0.388"/>
  <system-out/>
</testsuite> <!-- excelexercise.ReadingExcel -->
