<?xml version="1.0" encoding="UTF-8"?>
<!-- Generated by org.testng.reporters.JUnitReportReporter -->
<testsuite hostname="WKWIN5351341" failures="0" tests="1" name="testng.NewTest" time="0.014" errors="0" timestamp="2022-10-14T15:36:09 IST" skipped="0">
  <testcase classname="testng.NewTest" name="testOne" time="0.014"/>
  <system-out/>
</testsuite> <!-- testng.NewTest -->
