<?xml version="1.0" encoding="UTF-8"?>
<!-- Generated by org.testng.reporters.JUnitReportReporter -->
<testsuite hostname="WKWIN5351341" failures="0" tests="1" name="exercicesrestassure.RestMethodGET" time="2.678" errors="0" timestamp="2022-10-14T12:13:34 IST" skipped="0">
  <testcase classname="exercicesrestassure.RestMethodGET" name="testGetRequest" time="2.678"/>
  <system-out/>
</testsuite> <!-- exercicesrestassure.RestMethodGET -->
