<?xml version="1.0" encoding="UTF-8"?>
<!-- Generated by org.testng.reporters.JUnitReportReporter -->
<testsuite hostname="WKWIN5351341" failures="0" tests="1" name="handsonexercices.AmazonAddProduct" time="64.317" errors="0" timestamp="2022-08-05T17:08:54 IST" skipped="0">
  <testcase classname="handsonexercices.AmazonAddProduct" name="testMethod" time="64.317"/>
  <system-out/>
</testsuite> <!-- handsonexercices.AmazonAddProduct -->
