<?xml version="1.0" encoding="UTF-8"?>
<!-- Generated by org.testng.reporters.JUnitReportReporter -->
<testsuite hostname="WKWIN5351341" failures="0" tests="1" name="framework.tests.Assignment1" time="9.441" errors="0" timestamp="2022-06-01T10:42:44 IST" skipped="0">
  <testcase classname="framework.tests.Assignment1" name="framesTest" time="9.441"/>
  <system-out/>
</testsuite> <!-- framework.tests.Assignment1 -->
