<?xml version="1.0" encoding="UTF-8"?>
<!-- Generated by org.testng.reporters.JUnitReportReporter -->
<testsuite hostname="WKWIN5351341" failures="0" tests="1" name="framework.tests.AmazonAddProduct" time="0.210" errors="0" timestamp="2022-06-02T18:37:33 IST" skipped="0">
  <testcase classname="framework.tests.AmazonAddProduct" name="testMethod" time="0.210"/>
  <system-out/>
</testsuite> <!-- framework.tests.AmazonAddProduct -->
