<?xml version="1.0" encoding="UTF-8"?>
<!-- Generated by org.testng.reporters.JUnitReportReporter -->
<testsuite hostname="WKWIN5351341" failures="0" tests="2" name="excelexercise.deletExcel" time="17.415" errors="0" timestamp="2022-10-31T16:18:02 IST" skipped="0">
  <testcase classname="excelexercise.deletExcel" name="login" time="8.344"/>
  <system-out/>
  <testcase classname="excelexercise.deletExcel" name="login" time="9.071"/>
  <system-out/>
</testsuite> <!-- excelexercise.deletExcel -->
