<?xml version="1.0" encoding="UTF-8"?>
<!-- Generated by org.testng.reporters.JUnitReportReporter -->
<testsuite hostname="WKWIN5351341" failures="0" tests="1" name="handsonexercices.ReadFromPropFileTest" time="0.012" errors="0" timestamp="2022-09-28T16:17:17 IST" skipped="0">
  <testcase classname="handsonexercices.ReadFromPropFileTest" name="testReadFromPropFile" time="0.012"/>
  <system-out/>
</testsuite> <!-- handsonexercices.ReadFromPropFileTest -->
