<?xml version="1.0" encoding="UTF-8"?>
<!-- Generated by org.testng.reporters.JUnitReportReporter -->
<testsuite hostname="WKWIN5351341" failures="0" tests="1" name="handsonexercices.SelectDropdown" time="0.314" errors="0" timestamp="2022-09-16T16:40:47 IST" skipped="0">
  <testcase classname="handsonexercices.SelectDropdown" name="testMethod" time="0.314"/>
  <system-out/>
</testsuite> <!-- handsonexercices.SelectDropdown -->
