<?xml version="1.0" encoding="UTF-8"?>
<!-- Generated by org.testng.reporters.JUnitReportReporter -->
<testsuite hostname="WKWIN5351341" failures="0" tests="1" name="handsonexercices.TableDataSearch" time="0.477" errors="0" timestamp="2022-09-20T09:47:30 IST" skipped="0">
  <testcase classname="handsonexercices.TableDataSearch" name="testMethod" time="0.477"/>
  <system-out/>
</testsuite> <!-- handsonexercices.TableDataSearch -->
