<?xml version="1.0" encoding="UTF-8"?>
<!-- Generated by org.testng.reporters.JUnitReportReporter -->
<testsuite hostname="WKWIN5351341" failures="0" tests="3" name="testngdataprovider.DataPrividerExample" time="0.016" errors="0" timestamp="2022-03-30T09:31:16 IST" skipped="0">
  <testcase classname="testngdataprovider.DataPrividerExample" name="firstDataProviderTest" time="0.011"/>
  <system-out/>
  <testcase classname="testngdataprovider.DataPrividerExample" name="firstDataProviderTest" time="0.002"/>
  <system-out/>
  <testcase classname="testngdataprovider.DataPrividerExample" name="firstDataProviderTest" time="0.003"/>
  <system-out/>
</testsuite> <!-- testngdataprovider.DataPrividerExample -->
