<?xml version="1.0" encoding="UTF-8"?>
<!-- Generated by org.testng.reporters.JUnitReportReporter -->
<testsuite hostname="WKWIN5351341" failures="0" tests="1" name="framework.tests.Assignment2" time="4.612" errors="0" timestamp="2022-09-05T16:47:06 IST" skipped="0">
  <testcase classname="framework.tests.Assignment2" name="searchProductTest" time="4.612"/>
  <system-out/>
</testsuite> <!-- framework.tests.Assignment2 -->
