<?xml version="1.0" encoding="UTF-8"?>
<!-- Generated by org.testng.reporters.JUnitReportReporter -->
<testsuite hostname="WKWIN5351341" failures="0" tests="1" name="framework.tests.Lounch" time="0.039" errors="0" timestamp="2022-09-12T15:19:42 IST" skipped="0">
  <testcase classname="framework.tests.Lounch" name="testmethod" time="0.039"/>
  <system-out/>
</testsuite> <!-- framework.tests.Lounch -->
