<?xml version="1.0" encoding="UTF-8"?>
<!-- Generated by org.testng.reporters.JUnitReportReporter -->
<testsuite hostname="WKWIN5351341" failures="0" tests="1" name="handsonexercices.ReadFromExcelTest" time="0.309" errors="0" timestamp="2022-10-03T11:35:31 IST" skipped="0">
  <testcase classname="handsonexercices.ReadFromExcelTest" name="testReadFromExcecl" time="0.309"/>
  <system-out/>
</testsuite> <!-- handsonexercices.ReadFromExcelTest -->
