<?xml version="1.0" encoding="UTF-8"?>
<!-- Generated by org.testng.reporters.JUnitReportReporter -->
<testsuite hostname="WKWIN5351341" failures="0" tests="1" name="handsonexercices.Testerror" time="50.938" errors="0" timestamp="2022-07-06T15:49:37 IST" skipped="0">
  <testcase classname="handsonexercices.Testerror" name="testCheck" time="50.938"/>
  <system-out/>
</testsuite> <!-- handsonexercices.Testerror -->
