<?xml version="1.0" encoding="UTF-8"?>
<!-- Generated by org.testng.reporters.JUnitReportReporter -->
<testsuite hostname="WKWIN5351341" failures="0" tests="1" name="handsonexercices.AssertExample" time="0.012" errors="0" timestamp="2022-08-25T11:05:09 IST" skipped="0">
  <testcase classname="handsonexercices.AssertExample" name="testAssert" time="0.012"/>
  <system-out/>
</testsuite> <!-- handsonexercices.AssertExample -->
