<?xml version="1.0" encoding="UTF-8"?>
<!-- Generated by org.testng.reporters.JUnitReportReporter -->
<testsuite hostname="WKWIN5351341" failures="0" tests="4" name="testng.TestClassFour" time="0.023" errors="0" timestamp="2022-06-30T09:30:10 IST" skipped="0">
  <testcase classname="testng.TestClassFour" name="TestOne" time="0.013"/>
  <system-out/>
  <testcase classname="testng.TestClassFour" name="TestTwo" time="0.004"/>
  <system-out/>
  <testcase classname="testng.TestClassFour" name="Testthree" time="0.004"/>
  <system-out/>
  <testcase classname="testng.TestClassFour" name="TestFour" time="0.002"/>
  <system-out/>
</testsuite> <!-- testng.TestClassFour -->
